
=======================================================
[ScientificMonitor auto_refresh] 25/06/2026 06:55
▶ field_tracker.py...
                 ^^^^^^^^^^^^^^^^^^^^^^^^^^^^^^^^^^^^^^^^^^^^^^^^^^^^^^^^^^^^^^^^
    File "C:\Users\t.kislev\ScientificMonitor\field_tracker.py", line 154, in <genexpr>
      if el.get("etype") == "doi"), "")
         ^^^^^^
  AttributeError: 'str' object has no attribute 'get'
  ❌ קוד יציאה 1
▶ academic_tracker.py...
    Ewa Bednarz...
      arXiv error (Ewa Bednarz): 429 Client Error: Unknown Error for url: https://export.arxiv.org/api/query?search_query=au%3ABednarz_E&start=0&max_results=6&sortBy=submittedDate&sortOrder=descending
    Jianhao Zhang...
      arXiv error (Jianhao Zhang): 429 Client Error: Unknown Error for url: https://export.arxiv.org/api/query?search_query=au%3AZhang_J&start=0&max_results=6&sortBy=submittedDate&sortOrder=descending
    → 15 מאמרים (15 חדשים) · נשמר: academics_latest.json
  ✅ הסתיים
▶ network_analyzer.py...
  [ניתוח רשת] 25/06/2026 07:00
    בונה רשת מ-15 מאמרים...
    → 83 צמתים, 530 קשרים · network_latest.json
  ✅ הסתיים
▶ competition_tracker.py...
      arXiv error: 429 Client Error: Unknown Error for url: https://export.arxiv.org/api/query?search_query=all%3AMorgan%2BGoodwin%2Bgeoengineering%2BSAI&start=0&max_results=5&sortBy=submittedDate&sortOrder=descending
    ARIA UK...
      arXiv error: HTTPSConnectionPool(host='export.arxiv.org', port=443): Read timed out. (read timeout=15)
      arXiv error: HTTPSConnectionPool(host='export.arxiv.org', port=443): Read timed out. (read timeout=15)
    → 8 תוצאות · נשמר: competition_latest.json
  ✅ הסתיים
▶ paper_analyzer.py...
  [ניתוח מאמרים] 25/06/2026 07:04
    מנתח 23 מאמרים...
    → 23 נותחו, 0 סתירות · נשמר: analysis_latest.json
  ✅ הסתיים
▶ classifier.py...
      categories[cat].sort(key=lambda p: (-p.get("relevance_score", 0),
    File "C:\Users\t.kislev\ScientificMonitor\classifier.py", line 174, in <lambda>
      -(p.get("published_date") or "0")))
      ^^^^^^^^^^^^^^^^^^^^^^^^^^^^^^^^^
  TypeError: bad operand type for unary -: 'str'
  ❌ קוד יציאה 1
▶ retraction_tracker.py...
                ^^^^^^^^^^^^^^^^^^^^^^^^^^^^
    File "C:\Users\t.kislev\ScientificMonitor\retraction_tracker.py", line 68, in _search_pubmed_retractions
      pub_types = [pt.get("value", "").lower() for pt in paper.get("pubtype", [])]
                   ^^^^^^
  AttributeError: 'str' object has no attribute 'get'
  ❌ קוד יציאה 1
▶ negative_filter.py...
  [סינון תרחישים שליליים] 25/06/2026 07:05
    0 שליליים בקובצי קיימים
    → 0 ממצאים (0 קריטי, 0 גבוה) · נשמר: negatives_latest.json
  ✅ הסתיים
▶ controversy_detector.py...
  [Controversy Detector] 25/06/2026 07:05
    0 מחלוקות (0 השפעה גבוהה על Stardust)
    → נשמר: controversies_latest.json
  ✅ הסתיים
▶ citation_tracker.py...
    ↳ S. Tilmes: Uncertainties of SAI efﬁciency and impacts dependi...
    ↳ M. Schoeberl: Radiative forcing and climate impacts caused by th...
    ↳ Zhihong Zhuo: HTHH-MOC model validation and analysis results...
    ↳ Zhihong Zhuo: Response to...
    → 8 מאמרים · 0 ייצוג שגוי · נשמר: citations_latest.json
  ✅ הסתיים
▶ trend_detector.py...
  [Trend Detector] 25/06/2026 07:05
    → 0 נושאים חמים, 4 שינויי עמדה · נשמר: trends_latest.json
  ✅ הסתיים
▶ preprint_tracker.py...
    arXiv: SAI geoengineering ozone...
    arXiv: CaCO3 SiO2 stratosphere...
    bioRxiv...
    bioRxiv error: Expecting value: line 1 column 1 (char 0)
    → 1 preprints (1 חדשים) · נשמר: preprints_latest.json
  ✅ הסתיים
▶ funding_tracker.py...
    CrossRef: solar radiation management grant...
    S2: solar radiation management grant...
    CrossRef: geoengineering NSF award...
    S2: geoengineering NSF award...
    → 1 רשומות מימון · נשמר: funding_latest.json
  ✅ הסתיים
▶ patent_landscape.py...
    Google Patents: silica particles stratosphere climate...
    Google Patents error: Expecting value: line 1 column 1 (char 0)
      (fallback S2)...
    0 פטנטים ייחודיים — מנתח...
    → 0 פטנטים (0 חדשים, 0 חפיפה לStardust) · נשמר: patents_latest.json
  ✅ הסתיים
▶ conference_tracker.py...
    EGU: EGU stratospheric aerosol geoengineering...
    AMS: AMS stratospheric aerosol climate...
    GRC: Gordon Conference SAI...
    iSAI: iSAI stratospheric aerosol workshop...
    → 0 מצגות · נשמר: conferences_latest.json
  ✅ הסתיים
▶ policy_monitor.py...
    geoengineering legislation ban moratorium...
    SRM UNEP United Nations geoengineering...
    SAI environmental impact assessment law...
    climate intervention regulatory framework...
    → 0 פריטי מדיניות (0 סיכון, 0 הזדמנות) · נשמר: policy_latest.json
  ✅ הסתיים
▶ anomaly_detector.py...
  [Anomaly Detector] 25/06/2026 07:07
    סורק 24 מאמרים לאנומליות...
    → 0 אנומליות (0 קריטי) · נשמר: anomalies_latest.json
  ✅ הסתיים
▶ generate_dashboard.py...
  Building ScientificMonitor dashboard...
  Dashboard -> dashboard.html  (98 KB)
  ✅ הסתיים
[auto_refresh] ⚠️ חלקי
